# JRE version: Java(TM) SE Runtime Environment (9.0+11) (build 9.0.4+11)
# Java VM: Java HotSpot(TM) 64-Bit Server VM (9.0.4+11, mixed mode, tiered, compressed oops, g1 gc, windows-amd64)
Heap:
 garbage-first heap   total 264192K, used 117403K [0x0000000700000000, 0x0000000700100810, 0x00000007c0000000)
  region size 1024K, 34 young (34816K), 3 survivors (3072K)
 Metaspace       used 90991K, capacity 94409K, committed 98268K, reserved 1134592K
  class space    used 12333K, capacity 12979K, committed 13820K, reserved 1048576K
GC Heap History (10 events):
Event: 8818.268 GC heap before
{Heap before GC invocations=706 (full 10):
 garbage-first heap   total 264192K, used 144008K [0x0000000700000000, 0x0000000700100810, 0x00000007c0000000)
  region size 1024K, 60 young (61440K), 4 survivors (4096K)
 Metaspace       used 90804K, capacity 94263K, committed 98012K, reserved 1134592K
  class space    used 12327K, capacity 12976K, committed 13820K, reserved 1048576K
}
Event: 8818.273 GC heap after
{Heap after GC invocations=707 (full 10):
 garbage-first heap   total 264192K, used 86464K [0x0000000700000000, 0x0000000700100810, 0x00000007c0000000)
  region size 1024K, 3 young (3072K), 3 survivors (3072K)
 Metaspace       used 90804K, capacity 94263K, committed 98012K, reserved 1134592K
  class space    used 12327K, capacity 12976K, committed 13820K, reserved 1048576K
}
Event: 8822.420 GC heap before
{Heap before GC invocations=707 (full 10):
 garbage-first heap   total 264192K, used 144832K [0x0000000700000000, 0x0000000700100810, 0x00000007c0000000)
  region size 1024K, 60 young (61440K), 3 survivors (3072K)
 Metaspace       used 90924K, capacity 94333K, committed 98268K, reserved 1134592K
  class space    used 12328K, capacity 12977K, committed 13820K, reserved 1048576K
}
Event: 8822.427 GC heap after
{Heap after GC invocations=708 (full 10):
 garbage-first heap   total 264192K, used 87013K [0x0000000700000000, 0x0000000700100810, 0x00000007c0000000)
  region size 1024K, 4 young (4096K), 4 survivors (4096K)
 Metaspace       used 90924K, capacity 94333K, committed 98268K, reserved 1134592K
  class space    used 12328K, capacity 12977K, committed 13820K, reserved 1048576K
}
Event: 8825.201 GC heap before
{Heap before GC invocations=708 (full 10):
 garbage-first heap   total 264192K, used 144357K [0x0000000700000000, 0x0000000700100810, 0x00000007c0000000)
  region size 1024K, 60 young (61440K), 4 survivors (4096K)
 Metaspace       used 90938K, capacity 94333K, committed 98268K, reserved 1134592K
  class space    used 12328K, capacity 12977K, committed 13820K, reserved 1048576K
}
Event: 8825.216 GC heap after
{Heap after GC invocations=709 (full 10):
 garbage-first heap   total 264192K, used 86614K [0x0000000700000000, 0x0000000700100810, 0x00000007c0000000)
  region size 1024K, 3 young (3072K), 3 survivors (3072K)
 Metaspace       used 90938K, capacity 94333K, committed 98268K, reserved 1134592K
  class space    used 12328K, capacity 12977K, committed 13820K, reserved 1048576K
}
Event: 8827.268 GC heap before
{Heap before GC invocations=709 (full 10):
 garbage-first heap   total 264192K, used 144982K [0x0000000700000000, 0x0000000700100810, 0x00000007c0000000)
  region size 1024K, 60 young (61440K), 3 survivors (3072K)
 Metaspace       used 90958K, capacity 94409K, committed 98268K, reserved 1134592K
  class space    used 12329K, capacity 12979K, committed 13820K, reserved 1048576K
}
Event: 8827.274 GC heap after
{Heap after GC invocations=710 (full 10):
 garbage-first heap   total 264192K, used 86701K [0x0000000700000000, 0x0000000700100810, 0x00000007c0000000)
  region size 1024K, 3 young (3072K), 3 survivors (3072K)
 Metaspace       used 90958K, capacity 94409K, committed 98268K, reserved 1134592K
  class space    used 12329K, capacity 12979K, committed 13820K, reserved 1048576K
}
Event: 8827.622 GC heap before
{Heap before GC invocations=710 (full 10):
 garbage-first heap   total 264192K, used 145069K [0x0000000700000000, 0x0000000700100810, 0x00000007c0000000)
  region size 1024K, 60 young (61440K), 3 survivors (3072K)
 Metaspace       used 90971K, capacity 94409K, committed 98268K, reserved 1134592K
  class space    used 12332K, capacity 12979K, committed 13820K, reserved 1048576K
}
Event: 8827.627 GC heap after
{Heap after GC invocations=711 (full 10):
 garbage-first heap   total 264192K, used 86683K [0x0000000700000000, 0x0000000700100810, 0x00000007c0000000)
  region size 1024K, 3 young (3072K), 3 survivors (3072K)
 Metaspace       used 90971K, capacity 94409K, committed 98268K, reserved 1134592K
  class space    used 12332K, capacity 12979K, committed 13820K, reserved 1048576K
}

